This is MetaPost, version 1.208 (kpathsea version 5.0.0) (mem=mpost 2011.10.14)  25 NOV 2011 13:19
**peplots.mp
(./peplots.mp (/usr/share/texmf-texlive/metapost/base/graph.mp
(/usr/share/texmf-texlive/metapost/base/marith.mp
(/usr/share/texmf-texlive/metapost/base/string.mp))
(/usr/share/texmf-texlive/metapost/base/format.mp
(/usr/share/texmf-texlive/metapost/base/string.mp)
(/usr/share/texmf-texlive/metapost/base/texnum.mp)))
(/usr/share/texmf-texlive/metapost/base/sarith.mp)
! Value is too large (-7216.6524).
Gupbb_->...(EXPR2);else:save.x,y;z=llcorner.Gcbb_;
                                                  if.unknown.xpart(EXPR2):xp...

Glab_->...nown.ypart(EXPR0):1+fi0);Gupbb_((EXPR0))
                                                  ;addto.Gcur_.also.image((T...

otick->...(SUFFIX1),false,(EXPR3),(EXPR4),(TEXT5))
                                                  ;endgroup
<to be read again> 
                   ;
<for(10)> otick.bot(Autoform,(EXPR0));
                                       ENDFOR
autogrid->...x:(SUFFIX2)(Autoform,x)(TEXT4);endfor
                                                  .fi.if.str(SUFFIX3)<>"":fo...
<to be read again> 
                   ;
endgraph->...eedgr_:autogrid(otick.bot,otick.lft);
                                                  fi.if.Gneedfr_:frame;fi.se...
l.108 endgraph
              ;
The equation I just processed has given some variable
a value of 4096 or more. Continue and I'll try to cope
with that big value; but it might be dangerous.
(Set warningcheck:=0 to suppress this message.)

! Value is too large (-7216.6524).
Gupbb_->...(EXPR2);else:save.x,y;z=llcorner.Gcbb_;
                                                  if.unknown.xpart(EXPR2):xp...

Glab_->...nown.ypart(EXPR0):1+fi0);Gupbb_((EXPR0))
                                                  ;addto.Gcur_.also.image((T...

otick->...(SUFFIX1),false,(EXPR3),(EXPR4),(TEXT5))
                                                  ;endgroup
<to be read again> 
                   ;
<for(12)> otick.bot(Autoform,(EXPR0));
                                       ENDFOR
autogrid->...x:(SUFFIX2)(Autoform,x)(TEXT4);endfor
                                                  .fi.if.str(SUFFIX3)<>"":fo...
<to be read again> 
                   ;
endgraph->...eedgr_:autogrid(otick.bot,otick.lft);
                                                  fi.if.Gneedfr_:frame;fi.se...
l.108 endgraph
              ;
The equation I just processed has given some variable
a value of 4096 or more. Continue and I'll try to cope
with that big value; but it might be dangerous.
(Set warningcheck:=0 to suppress this message.)

! Value is too large (-7216.6524).
Gupbb_->...(EXPR2);else:save.x,y;z=llcorner.Gcbb_;
                                                  if.unknown.xpart(EXPR2):xp...

Glab_->...nown.ypart(EXPR0):1+fi0);Gupbb_((EXPR0))
                                                  ;addto.Gcur_.also.image((T...

otick->...(SUFFIX1),false,(EXPR3),(EXPR4),(TEXT5))
                                                  ;endgroup
<to be read again> 
                   ;
<for(14)> otick.bot(Autoform,(EXPR0));
                                       ENDFOR
autogrid->...x:(SUFFIX2)(Autoform,x)(TEXT4);endfor
                                                  .fi.if.str(SUFFIX3)<>"":fo...
<to be read again> 
                   ;
endgraph->...eedgr_:autogrid(otick.bot,otick.lft);
                                                  fi.if.Gneedfr_:frame;fi.se...
l.108 endgraph
              ;
The equation I just processed has given some variable
a value of 4096 or more. Continue and I'll try to cope
with that big value; but it might be dangerous.
(Set warningcheck:=0 to suppress this message.)

! Value is too large (-7216.6524).
Gupbb_->...(EXPR2);else:save.x,y;z=llcorner.Gcbb_;
                                                  if.unknown.xpart(EXPR2):xp...

Glab_->...nown.ypart(EXPR0):1+fi0);Gupbb_((EXPR0))
                                                  ;addto.Gcur_.also.image((T...

otick->...(SUFFIX1),false,(EXPR3),(EXPR4),(TEXT5))
                                                  ;endgroup
<to be read again> 
                   ;
<for(16)> otick.bot(Autoform,(EXPR0));
                                       ENDFOR
autogrid->...x:(SUFFIX2)(Autoform,x)(TEXT4);endfor
                                                  .fi.if.str(SUFFIX3)<>"":fo...
<to be read again> 
                   ;
endgraph->...eedgr_:autogrid(otick.bot,otick.lft);
                                                  fi.if.Gneedfr_:frame;fi.se...
l.108 endgraph
              ;
The equation I just processed has given some variable
a value of 4096 or more. Continue and I'll try to cope
with that big value; but it might be dangerous.
(Set warningcheck:=0 to suppress this message.)

! Value is too large (-7216.6524).
Gupbb_->...(EXPR2);else:save.x,y;z=llcorner.Gcbb_;
                                                  if.unknown.xpart(EXPR2):xp...

Glab_->...nown.ypart(EXPR0):1+fi0);Gupbb_((EXPR0))
                                                  ;addto.Gcur_.also.image((T...

otick->...(SUFFIX1),false,(EXPR3),(EXPR4),(TEXT5))
                                                  ;endgroup
<to be read again> 
                   ;
<for("1e-12")> otick.lft(Autoform,(EXPR0));
                                            ENDFOR
autogrid->...y:(SUFFIX3)(Autoform,y)(TEXT4);endfor
                                                  .fi.endgroup
<to be read again> 
                   ;
endgraph->...eedgr_:autogrid(otick.bot,otick.lft);
                                                  fi.if.Gneedfr_:frame;fi.se...
l.108 endgraph
              ;
The equation I just processed has given some variable
a value of 4096 or more. Continue and I'll try to cope
with that big value; but it might be dangerous.
(Set warningcheck:=0 to suppress this message.)

! Value is too large (-7216.6524).
Gupbb_->...(EXPR2);else:save.x,y;z=llcorner.Gcbb_;
                                                  if.unknown.xpart(EXPR2):xp...

Glab_->...nown.ypart(EXPR0):1+fi0);Gupbb_((EXPR0))
                                                  ;addto.Gcur_.also.image((T...

otick->...(SUFFIX1),false,(EXPR3),(EXPR4),(TEXT5))
                                                  ;endgroup
<to be read again> 
                   ;
<for("1e-10")> otick.lft(Autoform,(EXPR0));
                                            ENDFOR
autogrid->...y:(SUFFIX3)(Autoform,y)(TEXT4);endfor
                                                  .fi.endgroup
<to be read again> 
                   ;
endgraph->...eedgr_:autogrid(otick.bot,otick.lft);
                                                  fi.if.Gneedfr_:frame;fi.se...
l.108 endgraph
              ;
The equation I just processed has given some variable
a value of 4096 or more. Continue and I'll try to cope
with that big value; but it might be dangerous.
(Set warningcheck:=0 to suppress this message.)

! Value is too large (-7216.6524).
Gupbb_->...(EXPR2);else:save.x,y;z=llcorner.Gcbb_;
                                                  if.unknown.xpart(EXPR2):xp...

Glab_->...nown.ypart(EXPR0):1+fi0);Gupbb_((EXPR0))
                                                  ;addto.Gcur_.also.image((T...

otick->...(SUFFIX1),false,(EXPR3),(EXPR4),(TEXT5))
                                                  ;endgroup
<to be read again> 
                   ;
<for("1e-8")> otick.lft(Autoform,(EXPR0));
                                           ENDFOR
autogrid->...y:(SUFFIX3)(Autoform,y)(TEXT4);endfor
                                                  .fi.endgroup
<to be read again> 
                   ;
endgraph->...eedgr_:autogrid(otick.bot,otick.lft);
                                                  fi.if.Gneedfr_:frame;fi.se...
l.108 endgraph
              ;
The equation I just processed has given some variable
a value of 4096 or more. Continue and I'll try to cope
with that big value; but it might be dangerous.
(Set warningcheck:=0 to suppress this message.)

! Value is too large (-7216.6524).
Gupbb_->...(EXPR2);else:save.x,y;z=llcorner.Gcbb_;
                                                  if.unknown.xpart(EXPR2):xp...

Glab_->...nown.ypart(EXPR0):1+fi0);Gupbb_((EXPR0))
                                                  ;addto.Gcur_.also.image((T...

otick->...(SUFFIX1),false,(EXPR3),(EXPR4),(TEXT5))
                                                  ;endgroup
<to be read again> 
                   ;
<for("1e-6")> otick.lft(Autoform,(EXPR0));
                                           ENDFOR
autogrid->...y:(SUFFIX3)(Autoform,y)(TEXT4);endfor
                                                  .fi.endgroup
<to be read again> 
                   ;
endgraph->...eedgr_:autogrid(otick.bot,otick.lft);
                                                  fi.if.Gneedfr_:frame;fi.se...
l.108 endgraph
              ;
The equation I just processed has given some variable
a value of 4096 or more. Continue and I'll try to cope
with that big value; but it might be dangerous.
(Set warningcheck:=0 to suppress this message.)

! Value is too large (-7216.6524).
Gupbb_->...(EXPR2);else:save.x,y;z=llcorner.Gcbb_;
                                                  if.unknown.xpart(EXPR2):xp...

Glab_->...nown.ypart(EXPR0):1+fi0);Gupbb_((EXPR0))
                                                  ;addto.Gcur_.also.image((T...

otick->...(SUFFIX1),false,(EXPR3),(EXPR4),(TEXT5))
                                                  ;endgroup
<to be read again> 
                   ;
<for("1e-4")> otick.lft(Autoform,(EXPR0));
                                           ENDFOR
autogrid->...y:(SUFFIX3)(Autoform,y)(TEXT4);endfor
                                                  .fi.endgroup
<to be read again> 
                   ;
endgraph->...eedgr_:autogrid(otick.bot,otick.lft);
                                                  fi.if.Gneedfr_:frame;fi.se...
l.108 endgraph
              ;
The equation I just processed has given some variable
a value of 4096 or more. Continue and I'll try to cope
with that big value; but it might be dangerous.
(Set warningcheck:=0 to suppress this message.)

! Value is too large (-7216.6524).
Gupbb_->...(EXPR2);else:save.x,y;z=llcorner.Gcbb_;
                                                  if.unknown.xpart(EXPR2):xp...

Glab_->...nown.ypart(EXPR0):1+fi0);Gupbb_((EXPR0))
                                                  ;addto.Gcur_.also.image((T...

otick->...(SUFFIX1),false,(EXPR3),(EXPR4),(TEXT5))
                                                  ;endgroup
<to be read again> 
                   ;
<for("1e-2")> otick.lft(Autoform,(EXPR0));
                                           ENDFOR
autogrid->...y:(SUFFIX3)(Autoform,y)(TEXT4);endfor
                                                  .fi.endgroup
<to be read again> 
                   ;
endgraph->...eedgr_:autogrid(otick.bot,otick.lft);
                                                  fi.if.Gneedfr_:frame;fi.se...
l.108 endgraph
              ;
The equation I just processed has given some variable
a value of 4096 or more. Continue and I'll try to cope
with that big value; but it might be dangerous.
(Set warningcheck:=0 to suppress this message.)

! Value is too large (-7216.6524).
Gupbb_->...(EXPR2);else:save.x,y;z=llcorner.Gcbb_;
                                                  if.unknown.xpart(EXPR2):xp...

Glab_->...nown.ypart(EXPR0):1+fi0);Gupbb_((EXPR0))
                                                  ;addto.Gcur_.also.image((T...

frame->...b_((whatever,whatever),,draw.p_.shifted)
                                                  ;endgroup
<to be read again> 
                   ;
endgraph->....bot,otick.lft);fi.if.Gneedfr_:frame;
                                                  fi.setcoords(linear,linear...
l.108 endgraph
              ;
The equation I just processed has given some variable
a value of 4096 or more. Continue and I'll try to cope
with that big value; but it might be dangerous.
(Set warningcheck:=0 to suppress this message.)

[1{pdftex.map}] )
1 output file written: peplots-1.mps
